
> web@0.1.0 build /Users/mai/Documents/App/Ds/apps/web
> next build

[33m[1m⚠[22m[39m Warning: Next.js inferred your workspace root, but it may not be correct.
 We detected multiple lockfiles and selected the directory of /Users/mai/package-lock.json as the root directory.
 To silence this warning, set `turbopack.root` in your Next.js config, or consider removing one of the lockfiles if it's not needed.
   See https://nextjs.org/docs/app/api-reference/config/next-config-js/turbopack#root-directory for more information.
 Detected additional lockfiles: 
   * /Users/mai/Documents/App/Ds/pnpm-workspace.yaml

[1m[38;2;173;127;168m▲ Next.js 16.2.4[39m[22m (Turbopack)
- Environments: .env.local

[37m[1m [22m[39m Creating an optimized production build ...
[32m[1m✓[22m[39m Compiled successfully in 4.2s
[?25l[37m[1m [22m[39m Running TypeScript  [36m.[39m[2K[1G[37m[1m [22m[39m Running TypeScript  [36m..[39m[2K[1G[37m[1m [22m[39m Running TypeScript  [36m...[39m[2K[1G[37m[1m [22m[39m Running TypeScript  [36m.[39m[2K[1G[37m[1m [22m[39m Running TypeScript  [36m..[39m[2K[1G[37m[1m [22m[39m Running TypeScript  [36m...[39m[2K[1G[37m[1m [22m[39m Running TypeScript  [36m.[39m[2K[1G[37m[1m [22m[39m Running TypeScript  [36m..[39m[2K[1G[37m[1m [22m[39m Running TypeScript  [36m...[39m[2K[1G[37m[1m [22m[39m Running TypeScript  [36m.[39m[2K[1G[37m[1m [22m[39m Running TypeScript  [36m..[39m[2K[1G[37m[1m [22m[39m Running TypeScript  [36m...[39m[2K[1G[37m[1m [22m[39m Running TypeScript  [36m.[39m[2K[1G[37m[1m [22m[39m Running TypeScript  [36m..[39m[2K[1G[37m[1m [22m[39m Running TypeScript  [36m...[39m[2K[1G[37m[1m [22m[39m Running TypeScript  [36m.[39m[2K[1G[37m[1m [22m[39m Running TypeScript  [36m..[39m[2K[1G[37m[1m [22m[39m Running TypeScript  [36m...[39m[2K[1G[37m[1m [22m[39m Running TypeScript  [36m.[39m[2K[1G[37m[1m [22m[39m Running TypeScript  [36m..[39m[2K[1G[?25h[?25l[37m[1m [22m[39m Finished TypeScript in 4.0s  [36m.[39m[2K[1G[?25h[37m[1m [22m[39m Finished TypeScript in 4.0s    [32m[1m✓[22m[39m Finished TypeScript in 4.0s 
[?25l[37m[1m [22m[39m Collecting page data using 7 workers  [36m.[39m[2K[1G[37m[1m [22m[39m Collecting page data using 7 workers  [36m..[39m[2K[1G[37m[1m [22m[39m Collecting page data using 7 workers  [36m...[39m[2K[1G[37m[1m [22m[39m Collecting page data using 7 workers  [36m.[39m[2K[1G[?25h[37m[1m [22m[39m Collecting page data using 7 workers in 626ms    [32m[1m✓[22m[39m Collecting page data using 7 workers in 626ms 
[?25l[37m[1m [22m[39m Generating static pages using 7 workers (0/11)  [36m[    ][39m[2K[1G[37m[1m [22m[39m Generating static pages using 7 workers (0/11)  [36m[=   ][39m[2K[1G[?25h[32m[1m✓[22m[39m Generating static pages using 7 workers (11/11) in 311ms
[?25l[37m[1m [22m[39m Finalizing page optimization  [36m.[39m[2K[1G[?25h[37m[1m [22m[39m Finalizing page optimization in 10ms    [32m[1m✓[22m[39m Finalizing page optimization in 10ms 

[4mRoute (app)[24m
┌ ○ /
├ ○ /_not-found
├ ○ /chat
├ ○ /dashboard
├ ○ /login
├ ○ /register
├ ○ /settings
├ ○ /superadmin
├ ƒ /tasks
├ ƒ /tasks/[id]
└ ○ /tasks/new


○  (Static)   prerendered as static content
ƒ  (Dynamic)  server-rendered on demand

[?25h
