
> web@0.1.0 lint /Users/mai/Documents/App/Ds/apps/web
> eslint


/Users/mai/Documents/App/Ds/apps/web/src/app/(auth)/login/page.tsx
  46:21  warning  'authData' is assigned a value but never used  @typescript-eslint/no-unused-vars
  57:19  error    Unexpected any. Specify a different type       @typescript-eslint/no-explicit-any

/Users/mai/Documents/App/Ds/apps/web/src/app/(auth)/register/page.tsx
  71:19  error  Unexpected any. Specify a different type  @typescript-eslint/no-explicit-any

/Users/mai/Documents/App/Ds/apps/web/src/app/(dashboard)/layout.tsx
  16:42  error  Unexpected any. Specify a different type  @typescript-eslint/no-explicit-any

/Users/mai/Documents/App/Ds/apps/web/src/app/(dashboard)/superadmin/page.tsx
  33:17  error  Unexpected any. Specify a different type  @typescript-eslint/no-explicit-any
  38:61  error  Unexpected any. Specify a different type  @typescript-eslint/no-explicit-any

/Users/mai/Documents/App/Ds/apps/web/src/components/shared/Navigation.tsx
  32:77  error  Unexpected any. Specify a different type  @typescript-eslint/no-explicit-any

/Users/mai/Documents/App/Ds/apps/web/src/hooks/useSuperAdmin.ts
   5:38  error  Unexpected any. Specify a different type                                                                                                                                                                                                                                                                                                                                                                                                                                                                                                                                                                                                                                                                                                                                                                                                                                                                                                                                                                          @typescript-eslint/no-explicit-any
  15:19  error  Unexpected any. Specify a different type                                                                                                                                                                                                                                                                                                                                                                                                                                                                                                                                                                                                                                                                                                                                                                                                                                                                                                                                                                          @typescript-eslint/no-explicit-any
  23:5   error  Error: Calling setState synchronously within an effect can trigger cascading renders

Effects are intended to synchronize state between React and external systems such as manually updating the DOM, state management libraries, or other platform APIs. In general, the body of an effect should do one or both of the following:
* Update external systems with the latest state from React.
* Subscribe for updates from some external system, calling setState in a callback function when external state changes.

Calling setState synchronously within an effect body causes cascading renders that can hurt performance, and is not recommended. (https://react.dev/learn/you-might-not-need-an-effect).

/Users/mai/Documents/App/Ds/apps/web/src/hooks/useSuperAdmin.ts:23:5
  21 |
  22 |   useEffect(() => {
> 23 |     loadUsers();
     |     ^^^^^^^^^ Avoid calling setState() directly within an effect
  24 |   }, []);
  25 |
  26 |   return { users, loading, error, refetch: loadUsers };  react-hooks/set-state-in-effect
  47:58  error  Unexpected any. Specify a different type                                                                                                                                                                                                                                                                                                                                                                                                                                                                                                                                                                                                                                                                                                                                                                                                                                                                                                                                                                          @typescript-eslint/no-explicit-any

/Users/mai/Documents/App/Ds/apps/web/src/lib/api-client.ts
  27:14  warning  'e' is defined but never used  @typescript-eslint/no-unused-vars

/Users/mai/Documents/App/Ds/apps/web/src/utils/supabase/server.ts
  1:35  warning  'CookieOptions' is defined but never used  @typescript-eslint/no-unused-vars

/Users/mai/Documents/App/Ds/apps/web/tailwind.config.ts
  23:13  error  A `require()` style import is forbidden  @typescript-eslint/no-require-imports

✖ 14 problems (11 errors, 3 warnings)

 ELIFECYCLE  Command failed with exit code 1.
